Log file open, 08/22/18 22:14:13
LogWindows: Failed to load 'aqProf.dll' (GetLastError=126)
LogWindows: File 'aqProf.dll' does not exist
LogWindows: Failed to load 'VSPerf140.dll' (GetLastError=126)
LogWindows: File 'VSPerf140.dll' does not exist
LogWindows: Failed to load 'VtuneApi.dll' (GetLastError=126)
LogWindows: File 'VtuneApi.dll' does not exist
LogWindows: Failed to load 'VtuneApi32e.dll' (GetLastError=126)
LogWindows: File 'VtuneApi32e.dll' does not exist
LogInit: Display: Running engine for game: EAE3010_001
LogPlatformFile: Not using cached read wrapper
LogTaskGraph: Started task graph with 5 named threads and 20 total threads with 3 sets of task threads.
LogStats: Stats thread started at 0.233978
LogD3D11RHI: Loaded GFSDK_Aftermath_Lib.x64.dll
LogICUInternationalization: Display: ICU TimeZone Detection - Raw Offset: -7:00, Platform Override: ''
LogPluginManager: Mounting plugin Paper2D
LogPluginManager: Mounting plugin AISupport
LogPluginManager: Mounting plugin LightPropagationVolume
LogPluginManager: Mounting plugin CLionSourceCodeAccess
LogPluginManager: Mounting plugin CodeLiteSourceCodeAccess
LogPluginManager: Mounting plugin GitSourceControl
LogPluginManager: Mounting plugin KDevelopSourceCodeAccess
LogPluginManager: Mounting plugin NullSourceCodeAccess
LogPluginManager: Mounting plugin PerforceSourceControl
LogPluginManager: Mounting plugin SubversionSourceControl
LogPluginManager: Mounting plugin UObjectPlugin
LogPluginManager: Mounting plugin VisualStudioCodeSourceCodeAccess
LogPluginManager: Mounting plugin VisualStudioSourceCodeAccess
LogPluginManager: Mounting plugin XCodeSourceCodeAccess
LogPluginManager: Mounting plugin AssetManagerEditor
LogPluginManager: Mounting plugin CryptoKeys
LogPluginManager: Mounting plugin DataValidation
LogPluginManager: Mounting plugin FacialAnimation
LogPluginManager: Mounting plugin GameplayTagsEditor
LogPluginManager: Mounting plugin MacGraphicsSwitching
LogPluginManager: Mounting plugin MeshEditor
LogPluginManager: Mounting plugin MobileLauncherProfileWizard
LogPluginManager: Mounting plugin PluginBrowser
LogPluginManager: Mounting plugin SpeedTreeImporter
LogPluginManager: Mounting plugin DatasmithContent
LogPluginManager: Mounting plugin AlembicImporter
LogPluginManager: Mounting plugin AppleImageUtils
LogPluginManager: Mounting plugin AppleVision
LogPluginManager: Mounting plugin BackChannel
LogPluginManager: Mounting plugin CharacterAI
LogPluginManager: Mounting plugin GeometryCache
LogPluginManager: Mounting plugin HTML5Networking
LogPluginManager: Mounting plugin ProxyLODPlugin
LogPluginManager: Mounting plugin MagicLeap
LogPluginManager: Mounting plugin MagicLeapEmulator
LogPluginManager: Mounting plugin MagicLeapMedia
LogPluginManager: Mounting plugin AndroidMedia
LogPluginManager: Mounting plugin AvfMedia
LogPluginManager: Mounting plugin ImgMedia
LogPluginManager: Mounting plugin LinearTimecode
LogPluginManager: Mounting plugin MediaCompositing
LogPluginManager: Mounting plugin MediaPlayerEditor
LogPluginManager: Mounting plugin WmfMedia
LogPluginManager: Mounting plugin TcpMessaging
LogPluginManager: Mounting plugin UdpMessaging
LogPluginManager: Mounting plugin ActorSequence
LogPluginManager: Mounting plugin LevelSequenceEditor
LogPluginManager: Mounting plugin MatineeToLevelSequence
LogPluginManager: Mounting plugin NetcodeUnitTest
LogPluginManager: Mounting plugin NUTUnrealEngine4
LogPluginManager: Mounting plugin OnlineSubsystemGooglePlay
LogPluginManager: Mounting plugin OnlineSubsystemIOS
LogPluginManager: Mounting plugin OnlineSubsystem
LogPluginManager: Mounting plugin OnlineSubsystemNull
LogPluginManager: Mounting plugin OnlineSubsystemUtils
LogPluginManager: Mounting plugin LauncherChunkInstaller
LogPluginManager: Mounting plugin AndroidDeviceProfileSelector
LogPluginManager: Mounting plugin AndroidMoviePlayer
LogPluginManager: Mounting plugin AndroidPermission
LogPluginManager: Mounting plugin AppleMoviePlayer
LogPluginManager: Mounting plugin ArchVisCharacter
LogPluginManager: Mounting plugin AudioCapture
LogPluginManager: Mounting plugin CableComponent
LogPluginManager: Mounting plugin CustomMeshComponent
LogPluginManager: Mounting plugin EditableMesh
LogPluginManager: Mounting plugin ExampleDeviceProfileSelector
LogPluginManager: Mounting plugin GoogleCloudMessaging
LogPluginManager: Mounting plugin ImmediatePhysics
LogPluginManager: Mounting plugin IOSDeviceProfileSelector
LogPluginManager: Mounting plugin LinuxDeviceProfileSelector
LogPluginManager: Mounting plugin LocationServicesBPLibrary
LogPluginManager: Mounting plugin MobilePatchingUtils
LogPluginManager: Mounting plugin OculusVR
LogPluginManager: Plugin shader directory ../../../Engine/Plugins/Runtime/Oculus/OculusVR/Shaders found
LogPluginManager: Mapping shader source directory ../../../Engine/Plugins/Runtime/Oculus/OculusVR/Shaders to virtual directory /Plugin/OculusVR
LogPluginManager: Mounting plugin PhysXVehicles
LogPluginManager: Mounting plugin ProceduralMeshComponent
LogPluginManager: Mounting plugin RuntimePhysXCooking
LogPluginManager: Mounting plugin SteamVR
LogPluginManager: Mounting plugin WindowsMoviePlayer
LogStreaming: Display: Took  0.174s to configure plugins.
LogInit: Using libcurl 7.55.1-DEV
LogInit:  - built for x86_64-pc-win32
LogInit:  - supports SSL with OpenSSL/1.0.2h
LogInit:  - supports HTTP deflate (compression) using libz 1.2.8
LogInit:  - other features:
LogInit:      CURL_VERSION_SSL
LogInit:      CURL_VERSION_LIBZ
LogInit:      CURL_VERSION_IPV6
LogInit:      CURL_VERSION_ASYNCHDNS
LogInit:      CURL_VERSION_LARGEFILE
LogInit:      CURL_VERSION_IDN
LogInit:  CurlRequestOptions (configurable via config and command line):
LogInit:  - bVerifyPeer = false  - Libcurl will NOT verify peer certificate
LogInit:  - bUseHttpProxy = false  - Libcurl will NOT use HTTP proxy
LogInit:  - bDontReuseConnections = false  - Libcurl will reuse connections
LogInit:  - CertBundlePath = nullptr  - Libcurl will use whatever was configured at build time.
LogInit:  - MaxHostConnections = 16  - Libcurl will limit the number of connections to a host
LogInit:  - LocalHostAddr = Default
LogInit:  - BufferSize = 65536
LogInit: WinSock: version 1.1 (2.2), MaxSocks=32767, MaxUdp=65467
LogInit: Build: ++UE4+Release-4.20-CL-4302132
LogInit: Engine Version: 4.20.2-4302132+++UE4+Release-4.20
LogInit: Compatible Engine Version: 4.20.0-4212847+++UE4+Release-4.20
LogInit: Net CL: 4212847
LogInit: OS: Windows 10 (), CPU: Intel(R) Core(TM) i5-8600K CPU @ 3.60GHz, GPU: NVIDIA GeForce GTX 1070
LogInit: Compiled (64-bit): Aug 21 2018 02:06:06
LogInit: Compiled with Visual C++: 19.13.26129.00
LogInit: Build Configuration: Development
LogInit: Branch Name: ++UE4+Release-4.20
LogInit: Command Line: -EpicPortal 
LogInit: Base Directory: C:/Program Files/Epic Games/UE_4.20/Engine/Binaries/Win64/
LogInit: Installed Engine Build: 1
LogDevObjectVersion: Number of dev versions registered: 20
LogDevObjectVersion:   Dev-Blueprints (B0D832E4-1F89-4F0D-ACCF-7EB736FD4AA2): 10
LogDevObjectVersion:   Dev-Build (E1C64328-A22C-4D53-A36C-8E866417BD8C): 0
LogDevObjectVersion:   Dev-Core (375EC13C-06E4-48FB-B500-84F0262A717E): 2
LogDevObjectVersion:   Dev-Editor (E4B068ED-F494-42E9-A231-DA0B2E46BB41): 24
LogDevObjectVersion:   Dev-Framework (CFFC743F-43B0-4480-9391-14DF171D2073): 34
LogDevObjectVersion:   Dev-Mobile (B02B49B5-BB20-44E9-A304-32B752E40360): 2
LogDevObjectVersion:   Dev-Networking (A4E4105C-59A1-49B5-A7C5-40C4547EDFEE): 0
LogDevObjectVersion:   Dev-Online (39C831C9-5AE6-47DC-9A44-9C173E1C8E7C): 0
LogDevObjectVersion:   Dev-Physics (78F01B33-EBEA-4F98-B9B4-84EACCB95AA2): 0
LogDevObjectVersion:   Dev-Platform (6631380F-2D4D-43E0-8009-CF276956A95A): 0
LogDevObjectVersion:   Dev-Rendering (12F88B9F-8875-4AFC-A67C-D90C383ABD29): 26
LogDevObjectVersion:   Dev-Sequencer (7B5AE74C-D270-4C10-A958-57980B212A5A): 9
LogDevObjectVersion:   Dev-VR (D7296918-1DD6-4BDD-9DE2-64A83CC13884): 2
LogDevObjectVersion:   Dev-LoadTimes (C2A15278-BFE7-4AFE-6C17-90FF531DF755): 1
LogDevObjectVersion:   Private-Geometry (6EACA3D4-40EC-4CC1-B786-8BED09428FC5): 3
LogDevObjectVersion:   Dev-AnimPhys (29E575DD-E0A3-4627-9D10-D276232CDCEA): 17
LogDevObjectVersion:   Dev-ReflectionCapture (6B266CEC-1EC7-4B8F-A30B-E4D90942FC07): 1
LogDevObjectVersion:   Dev-Automation (0DF73D61-A23F-47EA-B727-89E90C41499A): 1
LogDevObjectVersion:   FortniteMain (601D1886-AC64-4F84-AA16-D3DE0DEAC7D6): 12
LogDevObjectVersion:   Dev-Enterprise (9DFFBCD6-494F-0158-E221-12823C92A888): 1
LogStreaming: Display: Took  0.000s to delete old logs.
LogInit: Presizing for max 8388607 objects, including 0 objects not considered by GC, pre-allocating 0 bytes for permanent pool.
LogInit: Object subsystem initialized
[2018.08.23-04.14.14:243][  0]LogInit: Selected Device Profile: [Windows]
[2018.08.23-04.14.14:243][  0]LogInit: Applying CVar settings loaded from the selected device profile: [Windows]
[2018.08.23-04.14.14:250][  0]LogHAL: Display: Platform has ~ 16 GB [17110630400 / 17179869184 / 16], which maps to Larger [LargestMinGB=32, LargerMinGB=12, DefaultMinGB=8, SmallerMinGB=6, SmallestMinGB=0)
[2018.08.23-04.14.14:250][  0]LogInit: Setting Device Profile CVar: [[r.Vulkan.UseRealUBs:1]]
[2018.08.23-04.14.14:250][  0]LogInit: Going up to parent DeviceProfile []
[2018.08.23-04.14.14:250][  0]LogInit: Computer: DESKTOP-2B
[2018.08.23-04.14.14:250][  0]LogInit: User: Richard
[2018.08.23-04.14.14:250][  0]LogInit: CPU Page size=4096, Cores=6
[2018.08.23-04.14.14:250][  0]LogInit: High frequency timer resolution =3.515624 MHz
[2018.08.23-04.14.14:250][  0]LogMemory: Memory total: Physical=15.9GB (16GB approx)
[2018.08.23-04.14.14:250][  0]LogMemory: Platform Memory Stats for Windows
[2018.08.23-04.14.14:250][  0]LogMemory: Process Physical Memory: 100.07 MB used, 100.07 MB peak
[2018.08.23-04.14.14:250][  0]LogMemory: Process Virtual Memory: 91.42 MB used, 91.42 MB peak
[2018.08.23-04.14.14:250][  0]LogMemory: Physical Memory: 8593.14 MB used,  7724.82 MB free, 16317.97 MB total
[2018.08.23-04.14.14:250][  0]LogMemory: Virtual Memory: 4622.16 MB used,  7724.82 MB free, 134217728.00 MB total
[2018.08.23-04.14.14:266][  0]LogInit: Using OS detected language (en-US).
[2018.08.23-04.14.14:266][  0]LogInit: Using OS detected locale (en-US).
[2018.08.23-04.14.14:267][  0]LogTextLocalizationManager: No specific localization for 'en-US' exists, so the 'en' localization will be used.
[2018.08.23-04.14.14:554][  0]LogStreaming: Display: Took  0.288s to InitEngineTextLocalization.
[2018.08.23-04.14.14:554][  0]LogInit: Setting process to per monitor DPI aware
[2018.08.23-04.14.14:574][  0]LogSlate: New Slate User Created.  User Index 0, Is Virtual User: 0
[2018.08.23-04.14.14:574][  0]LogSlate: Slate User Registered.  User Index 0, Is Virtual User: 0
[2018.08.23-04.14.14:731][  0]LogHMD: Failed to initialize OpenVR with code 110
[2018.08.23-04.14.14:731][  0]LogD3D11RHI: D3D11 adapters:
[2018.08.23-04.14.14:788][  0]LogD3D11RHI:    0. 'NVIDIA GeForce GTX 1070' (Feature Level 11_0)
[2018.08.23-04.14.14:788][  0]LogD3D11RHI:       8088/0/8158 MB DedicatedVideo/DedicatedSystem/SharedSystem, Outputs:1, VendorId:0x10de
[2018.08.23-04.14.14:789][  0]LogD3D11RHI:    1. 'Microsoft Basic Render Driver' (Feature Level 11_0)
[2018.08.23-04.14.14:789][  0]LogD3D11RHI:       0/0/8158 MB DedicatedVideo/DedicatedSystem/SharedSystem, Outputs:0, VendorId:0x1414
[2018.08.23-04.14.14:789][  0]LogD3D11RHI: Chosen D3D11 Adapter: 0
[2018.08.23-04.14.14:794][  0]LogD3D11RHI: Creating new Direct3DDevice
[2018.08.23-04.14.14:794][  0]LogD3D11RHI:     GPU DeviceId: 0x1b81 (for the marketing name, search the web for "GPU Device Id")
[2018.08.23-04.14.14:794][  0]LogWindows: EnumDisplayDevices:
[2018.08.23-04.14.14:794][  0]LogWindows:    0. 'NVIDIA GeForce GTX 1070' (P:1 D:1)
[2018.08.23-04.14.14:794][  0]LogWindows:    1. 'NVIDIA GeForce GTX 1070' (P:0 D:0)
[2018.08.23-04.14.14:794][  0]LogWindows:    2. 'NVIDIA GeForce GTX 1070' (P:0 D:0)
[2018.08.23-04.14.14:795][  0]LogWindows:    3. 'NVIDIA GeForce GTX 1070' (P:0 D:0)
[2018.08.23-04.14.14:795][  0]LogWindows: DebugString: FoundDriverCount:4 
[2018.08.23-04.14.14:795][  0]LogD3D11RHI:     Adapter Name: NVIDIA GeForce GTX 1070
[2018.08.23-04.14.14:795][  0]LogD3D11RHI:   Driver Version: 398.82 (internal:24.21.13.9882, unified:398.82)
[2018.08.23-04.14.14:795][  0]LogD3D11RHI:      Driver Date: 7-30-2018
[2018.08.23-04.14.14:795][  0]LogRHI: Texture pool is 5661 MB (70% of 8088 MB)
[2018.08.23-04.14.14:826][  0]LogD3D11RHI: Async texture creation enabled
[2018.08.23-04.14.14:841][  0]LogD3D11RHI: GPU Timing Frequency: 1000.000000 (Debug: 2 2)
[2018.08.23-04.14.14:890][  0]LogShaderCompilers: Guid format shader working directory is -21 characters bigger than the processId version (../../../../../../Users/Richard/Documents/Unreal Projects/EAE3010_001/Intermediate/Shaders/WorkingDirectory/6588/).
[2018.08.23-04.14.14:890][  0]LogShaderCompilers: Cleaned the shader compiler working directory 'C:/Users/Richard/AppData/Local/Temp/UnrealShaderWorkingDir/BE9362474CE3A4524AC131BC63A45483/'.
[2018.08.23-04.14.15:103][  0]LogTemp: Display: Loaded TP AllDesktopTargetPlatform
[2018.08.23-04.14.15:113][  0]LogTemp: Display: Loaded TP MacClientTargetPlatform
[2018.08.23-04.14.15:123][  0]LogTemp: Display: Loaded TP MacNoEditorTargetPlatform
[2018.08.23-04.14.15:133][  0]LogTemp: Display: Loaded TP MacServerTargetPlatform
[2018.08.23-04.14.15:143][  0]LogTemp: Display: Loaded TP MacTargetPlatform
[2018.08.23-04.14.15:154][  0]LogTemp: Display: Loaded TP WindowsClientTargetPlatform
[2018.08.23-04.14.15:165][  0]LogTemp: Display: Loaded TP WindowsNoEditorTargetPlatform
[2018.08.23-04.14.15:176][  0]LogTemp: Display: Loaded TP WindowsServerTargetPlatform
[2018.08.23-04.14.15:181][  0]LogTemp: Display: Loaded TP WindowsTargetPlatform
[2018.08.23-04.14.15:241][  0]LogTemp: Display: Loaded TP AndroidTargetPlatform
[2018.08.23-04.14.15:241][  0]LogTemp: Display: Loaded TP AndroidTargetPlatform
[2018.08.23-04.14.15:241][  0]LogTemp: Display: Loaded TP AndroidTargetPlatform
[2018.08.23-04.14.15:241][  0]LogTemp: Display: Loaded TP AndroidTargetPlatform
[2018.08.23-04.14.15:241][  0]LogTemp: Display: Loaded TP AndroidTargetPlatform
[2018.08.23-04.14.15:241][  0]LogTemp: Display: Loaded TP AndroidTargetPlatform
[2018.08.23-04.14.15:241][  0]LogTemp: Display: Loaded TP AndroidTargetPlatform
[2018.08.23-04.14.15:241][  0]LogTemp: Display: Loaded TP AndroidTargetPlatform
[2018.08.23-04.14.15:241][  0]LogTemp: Display: Loaded TP AndroidTargetPlatform
[2018.08.23-04.14.15:241][  0]LogTemp: Display: Loaded TP AndroidTargetPlatform
[2018.08.23-04.14.15:241][  0]LogTemp: Display: Loaded TP AndroidTargetPlatform
[2018.08.23-04.14.15:241][  0]LogTemp: Display: Loaded TP AndroidTargetPlatform
[2018.08.23-04.14.15:241][  0]LogTemp: Display: Loaded TP AndroidTargetPlatform
[2018.08.23-04.14.15:241][  0]LogTemp: Display: Loaded TP AndroidTargetPlatform
[2018.08.23-04.14.15:241][  0]LogTemp: Display: Loaded TP AndroidTargetPlatform
[2018.08.23-04.14.15:241][  0]LogTemp: Display: Loaded TP AndroidTargetPlatform
[2018.08.23-04.14.15:241][  0]LogTemp: Display: Loaded TP AndroidTargetPlatform
[2018.08.23-04.14.15:241][  0]LogTemp: Display: Loaded TP AndroidTargetPlatform
[2018.08.23-04.14.15:242][  0]LogTemp: Display: Loaded TP HTML5TargetPlatform
[2018.08.23-04.14.15:295][  0]LogTemp: Display: Loaded TP IOSTargetPlatform
[2018.08.23-04.14.15:295][  0]LogTemp: Display: Loaded TP IOSTargetPlatform
[2018.08.23-04.14.15:312][  0]LogTemp: Display: Loaded TP TVOSTargetPlatform
[2018.08.23-04.14.15:312][  0]LogTemp: Display: Loaded TP TVOSTargetPlatform
[2018.08.23-04.14.15:321][  0]LogTemp: Display: Loaded TP LinuxClientTargetPlatform
[2018.08.23-04.14.15:331][  0]LogTemp: Display: Loaded TP LinuxNoEditorTargetPlatform
[2018.08.23-04.14.15:341][  0]LogTemp: Display: Loaded TP LinuxServerTargetPlatform
[2018.08.23-04.14.15:351][  0]LogTemp: Display: Loaded TP LinuxTargetPlatform
[2018.08.23-04.14.15:358][  0]LogTemp: Display: Loaded TP LuminTargetPlatform
[2018.08.23-04.14.15:358][  0]LogTargetPlatformManager: Display: Building Assets For Windows
[2018.08.23-04.14.15:399][  0]LogXGEController: Cannot use XGE Controller as Incredibuild is not installed on this machine.
[2018.08.23-04.14.15:399][  0]LogShaderCompilers: Cannot use XGE Shader Compiler as Incredibuild is not installed on this machine.
[2018.08.23-04.14.15:399][  0]LogShaderCompilers: Display: Using Local Shader Compiler.
[2018.08.23-04.14.15:942][  0]LogDerivedDataCache: Display: Max Cache Size: 512 MB
[2018.08.23-04.14.15:988][  0]LogDerivedDataCache: Loaded boot cache 0.05s 71MB C:/Users/Richard/AppData/Local/UnrealEngine/4.20/DerivedDataCache/Boot.ddc.
[2018.08.23-04.14.15:989][  0]LogDerivedDataCache: Display: Loaded Boot cache: C:/Users/Richard/AppData/Local/UnrealEngine/4.20/DerivedDataCache/Boot.ddc
[2018.08.23-04.14.15:989][  0]LogDerivedDataCache: FDerivedDataBackendGraph:  Pak pak cache file ../../../../../../Users/Richard/Documents/Unreal Projects/EAE3010_001/DerivedDataCache/DDC.ddp not found, will not use a pak cache.
[2018.08.23-04.14.15:989][  0]LogDerivedDataCache: Unable to find inner node Pak for hierarchical cache Hierarchy.
[2018.08.23-04.14.15:989][  0]LogDerivedDataCache: FDerivedDataBackendGraph:  CompressedPak pak cache file ../../../../../../Users/Richard/Documents/Unreal Projects/EAE3010_001/DerivedDataCache/Compressed.ddp not found, will not use a pak cache.
[2018.08.23-04.14.15:989][  0]LogDerivedDataCache: Unable to find inner node CompressedPak for hierarchical cache Hierarchy.
[2018.08.23-04.14.15:999][  0]LogDerivedDataCache: Display: Pak cache opened for reading ../../../Engine/DerivedDataCache/Compressed.ddp.
[2018.08.23-04.14.16:011][  0]LogDerivedDataCache: Using Local data cache path C:/Users/Richard/AppData/Local/UnrealEngine/Common/DerivedDataCache: Writable
[2018.08.23-04.14.16:011][  0]LogDerivedDataCache: Shared data cache path not found in *engine.ini, will not use an Shared cache.
[2018.08.23-04.14.16:011][  0]LogDerivedDataCache: Unable to find inner node Shared for hierarchical cache Hierarchy.
[2018.08.23-04.14.16:024][  0]LogMaterial: Verifying Global Shaders for PCD3D_SM5
[2018.08.23-04.14.16:025][  0]LogSlate: Using FreeType 2.6.0
[2018.08.23-04.14.16:026][  0]LogSlate: SlateFontServices - WITH_FREETYPE: 1, WITH_HARFBUZZ: 1
[2018.08.23-04.14.16:091][  0]LogAssetRegistry: FAssetRegistry took 0.0253 seconds to start up
[2018.08.23-04.14.16:333][  0]LogInit: Selected Device Profile: [Windows]
[2018.08.23-04.14.16:435][  0]LogSimplygon: Simplygon DLL not present - disabling.
[2018.08.23-04.14.16:438][  0]LogMeshReduction: Using SimplygonSwarm for distributed automatic mesh merging
[2018.08.23-04.14.16:438][  0]LogMeshReduction: Using ProxyLODMeshReduction for automatic mesh merging
[2018.08.23-04.14.16:438][  0]LogMeshReduction: Using QuadricMeshReduction for automatic static mesh reduction
[2018.08.23-04.14.16:438][  0]LogMeshReduction: No automatic skeletal mesh reduction module available
[2018.08.23-04.14.16:452][  0]LogNetVersion: EAE3010_001 1.0.0, NetCL: 4212847, EngineNetVer: 5, GameNetVer: 0 (Checksum: 4073373678)
[2018.08.23-04.14.16:896][  0]LogPackageLocalizationCache: Processed 11 localized package path(s) for 2 prioritized culture(s) in 0.115987 seconds
[2018.08.23-04.14.16:901][  0]LogUObjectArray: 38425 objects as part of root set at end of initial load.
[2018.08.23-04.14.16:901][  0]LogUObjectAllocator: 6690872 out of 0 bytes used by permanent object pool.
[2018.08.23-04.14.16:901][  0]LogUObjectArray: CloseDisregardForGC: 0/0 objects in disregard for GC pool
[2018.08.23-04.14.17:611][  0]LogTcpMessaging: Initializing TcpMessaging bridge
[2018.08.23-04.14.17:635][  0]LogUdpMessaging: Initializing bridge on interface 0.0.0.0:0 to multicast group 230.0.0.1:6666.
[2018.08.23-04.14.17:787][  0]SourceControl: Source control is disabled
[2018.08.23-04.14.17:787][  0]SourceControl: Source control is disabled
[2018.08.23-04.14.17:789][  0]SourceControl: Source control is disabled
[2018.08.23-04.14.17:790][  0]SourceControl: Source control is disabled
[2018.08.23-04.14.17:944][  0]LogAndroidPermission: UAndroidPermissionCallbackProxy::GetInstance
[2018.08.23-04.14.17:987][  0]LogOcInput: OculusInput pre-init called
[2018.08.23-04.14.18:043][  0]LogEngine: Initializing Engine...
[2018.08.23-04.14.18:044][  0]LogHMD: Failed to initialize OpenVR with code 110
[2018.08.23-04.14.18:045][  0]LogStats: UGameplayTagsManager::ConstructGameplayTagTree: ImportINI prefixes -  0.000 s
[2018.08.23-04.14.18:045][  0]LogStats: UGameplayTagsManager::ConstructGameplayTagTree: Construct from data asset -  0.000 s
[2018.08.23-04.14.18:045][  0]LogStats: UGameplayTagsManager::ConstructGameplayTagTree: ImportINI -  0.000 s
[2018.08.23-04.14.18:045][  0]LogStats: UGameplayTagsManager::ConstructGameplayTagTree: GameplayTagTreeChangedEvent.Broadcast -  0.000 s
[2018.08.23-04.14.18:206][  0]LogInit: Initializing FReadOnlyCVARCache
[2018.08.23-04.14.18:227][  0]LogAIModule: Creating AISystem for world Untitled
[2018.08.23-04.14.18:265][  0]LogInit: XAudio2 using 'Speakers (Realtek High Definition Audio)' : 2 channels at 48 kHz using 32 bits per sample (channel mask 0x3)
[2018.08.23-04.14.18:283][  0]LogInit: FAudioDevice initialized.
[2018.08.23-04.14.18:283][  0]LogNetVersion: Set ProjectVersion to 1.0.0.0. Version Checksum will be recalculated on next use.
[2018.08.23-04.14.18:364][  0]LogDerivedDataCache: Saved boot cache 0.08s 71MB C:/Users/Richard/AppData/Local/UnrealEngine/4.20/DerivedDataCache/Boot.ddc.
[2018.08.23-04.14.18:364][  0]LogInit: Texture streaming: Enabled
[2018.08.23-04.14.18:380][  0]LogEngineSessionManager: EngineSessionManager initialized
[2018.08.23-04.14.18:390][  0]LogInit: Transaction tracking system initialized
[2018.08.23-04.14.18:405][  0]BlueprintLog: New page: Editor Load
[2018.08.23-04.14.18:502][  0]LocalizationService: Localization service is disabled
[2018.08.23-04.14.18:737][  0]LogFileCache: Scanning file cache for directory 'C:/Users/Richard/Documents/Unreal Projects/EAE3010_001/Content/' took 0.01s
[2018.08.23-04.14.18:737][  0]LogCook: Display: Max memory allowance for cook 16384mb min free memory 0mb
[2018.08.23-04.14.18:737][  0]LogCook: Display: Mobile HDR setting 1
[2018.08.23-04.14.18:737][  0]LogGameplayTags: Display: UGameplayTagsManager::DoneAddingNativeTags. DelegateIsBound: 0
[2018.08.23-04.14.18:737][  0]LogStats: UGameplayTagsManager::ConstructGameplayTagTree: ImportINI prefixes -  0.000 s
[2018.08.23-04.14.18:737][  0]LogStats: UGameplayTagsManager::ConstructGameplayTagTree: Construct from data asset -  0.000 s
[2018.08.23-04.14.18:737][  0]LogStats: UGameplayTagsManager::ConstructGameplayTagTree: ImportINI -  0.000 s
[2018.08.23-04.14.18:737][  0]LogStats: UGameplayTagsManager::ConstructGameplayTagTree: GameplayTagTreeChangedEvent.Broadcast -  0.000 s
[2018.08.23-04.14.18:841][  0]SourceControl: Source control is disabled
[2018.08.23-04.14.18:841][  0]Cmd: MAP LOAD FILE="../../../Engine/Content/Maps/Templates/Template_Default.umap" TEMPLATE=1 SHOWPROGRESS=1 FEATURELEVEL=3
[2018.08.23-04.14.18:841][  0]LightingResults: New page: Lighting Build
[2018.08.23-04.14.18:844][  0]MapCheck: New page: Map Check
[2018.08.23-04.14.18:844][  0]LightingResults: New page: Lighting Build
[2018.08.23-04.14.18:994][  0]LogAIModule: Creating AISystem for world Untitled_1
[2018.08.23-04.14.18:999][  0]LogEditorServer: Finished looking for orphan Actors (0.000 secs)
[2018.08.23-04.14.19:019][  0]Cmd: MAP CHECKDEP NOCLEARLOG
[2018.08.23-04.14.19:079][  0]MapCheck: Map check complete: 0 Error(s), 0 Warning(s), took 60.119ms to complete.
[2018.08.23-04.14.19:080][  0]LogFileHelpers: Loading map 'Template_Default' took 0.238
[2018.08.23-04.14.19:159][  0]LogSlate: Updating window title bar state: overlay mode, drag disabled, window buttons hidden, title bar hidden
[2018.08.23-04.14.19:164][  0]LogSlate: Updating window title bar state: overlay mode, drag disabled, window buttons hidden, title bar hidden
[2018.08.23-04.14.19:170][  0]LogSlate: Updating window title bar state: overlay mode, drag disabled, window buttons hidden, title bar hidden
[2018.08.23-04.14.19:176][  0]LogSlate: Updating window title bar state: overlay mode, drag disabled, window buttons hidden, title bar hidden
[2018.08.23-04.14.19:179][  0]LogCollectionManager: Loaded 0 collections in 0.000937 seconds
[2018.08.23-04.14.19:235][  0]LogFileCache: Scanning file cache for directory 'C:/Users/Richard/Documents/Unreal Projects/EAE3010_001/Saved/Collections/' took 0.01s
[2018.08.23-04.14.19:235][  0]LogFileCache: Scanning file cache for directory 'C:/Users/Richard/Documents/Unreal Projects/EAE3010_001/Content/Developers/Richard/Collections/' took 0.01s
[2018.08.23-04.14.19:235][  0]LogFileCache: Scanning file cache for directory 'C:/Users/Richard/Documents/Unreal Projects/EAE3010_001/Content/Collections/' took 0.01s
[2018.08.23-04.14.19:235][  0]LogCollectionManager: Rebuilt the GUID cache for 0 collections in 0.000001 seconds
[2018.08.23-04.14.19:248][  0]LogContentBrowser: Native class hierarchy populated in 0.0122 seconds. Added 2572 classes and 603 folders.
[2018.08.23-04.14.19:254][  0]LogContentBrowser: Native class hierarchy updated for 'WidgetCarousel' in 0.0002 seconds. Added 0 classes and 0 folders.
[2018.08.23-04.14.19:301][  0]LogContentBrowser: Native class hierarchy updated for 'AddContentDialog' in 0.0002 seconds. Added 0 classes and 0 folders.
[2018.08.23-04.14.19:304][  0]LogContentBrowser: Native class hierarchy updated for 'SceneOutliner' in 0.0002 seconds. Added 1 classes and 2 folders.
[2018.08.23-04.14.19:315][  0]LogSlate: Took 0.000174 seconds to synchronously load lazily loaded font '../../../Engine/Content/Slate/Fonts/Roboto-Regular.ttf' (155K)
[2018.08.23-04.14.19:316][  0]LogSlate: Took 0.000168 seconds to synchronously load lazily loaded font '../../../Engine/Content/Slate/Fonts/Roboto-Bold.ttf' (160K)
[2018.08.23-04.14.19:320][  0]LogSlate: Took 0.000287 seconds to synchronously load lazily loaded font '../../../Engine/Content/Editor/Slate/Fonts/FontAwesome.ttf' (139K)
[2018.08.23-04.14.19:380][  0]LogRenderer: Reallocating scene render targets to support 1208x576 Format 10 NumSamples 1 (Frame:1).
[2018.08.23-04.14.19:499][  0]LogContentBrowser: Native class hierarchy updated for 'HierarchicalLODOutliner' in 0.0002 seconds. Added 0 classes and 0 folders.
[2018.08.23-04.14.19:499][  0]LogLoad: (Engine Initialization) Total time: 6.77 seconds
[2018.08.23-04.14.19:499][  0]LogLoad: (Engine Initialization) Total Blueprint compile time: 0.00 seconds
[2018.08.23-04.14.19:508][  0]LogWindowsTextInputMethodSystem: Display: IME system now deactivated.
[2018.08.23-04.14.19:526][  0]LogAssetRegistry: Asset discovery search completed in 3.4577 seconds
[2018.08.23-04.14.19:527][  0]LogCollectionManager: Rebuilt the object cache for 0 collections in 0.000000 seconds (found 0 objects)
[2018.08.23-04.14.19:527][  0]LogCollectionManager: Fixed up redirectors for 0 collections in 0.000034 seconds (updated 0 objects)
[2018.08.23-04.14.19:529][  0]LogContentStreaming: Texture pool size now 1000 MB
[2018.08.23-04.14.24:386][578]LogSlate: FSceneViewport::OnFocusLost() reason 0
[2018.08.23-04.14.24:513][592]LogActorFactory: Actor Factory created Cylinder
[2018.08.23-04.14.25:594][720]LogActorFactory: Actor Factory created Cylinder
[2018.08.23-04.14.28:591][ 73]LogSlate: FSceneViewport::OnFocusLost() reason 0
[2018.08.23-04.14.28:762][ 93]LogActorFactory: Actor Factory created Cone
[2018.08.23-04.14.30:266][272]LogActorFactory: Actor Factory created Cone
[2018.08.23-04.14.58:742][669]LogSlate: FSceneViewport::OnFocusLost() reason 0
[2018.08.23-04.14.58:863][683]LogActorFactory: Actor Factory created Cylinder
[2018.08.23-04.15.02:046][ 64]LogActorFactory: Actor Factory created Cylinder
[2018.08.23-04.15.02:868][159]Cmd: TRANSACTION UNDO
[2018.08.23-04.15.02:868][159]LogEditorTransaction: Undo Create Actors
[2018.08.23-04.15.02:886][159]LogSlate: Took 0.000180 seconds to synchronously load lazily loaded font '../../../Engine/Content/Slate/Fonts/Roboto-Light.ttf' (167K)
[2018.08.23-04.15.04:363][333]LogSlate: FSceneViewport::OnFocusLost() reason 0
[2018.08.23-04.15.04:434][341]LogActorFactory: Actor Factory created Cube
[2018.08.23-04.15.05:381][451]LogActorFactory: Actor Factory created Cube
[2018.08.23-04.15.15:289][631]LogEditorViewport: Clicking on Actor (context menu): StaticMeshActor (Cube)
[2018.08.23-04.15.15:305][631]LogSlate: FSceneViewport::OnFocusLost() reason 2
[2018.08.23-04.15.18:825][ 50]Cmd: DUPLICATE
[2018.08.23-04.15.18:825][ 50]Cmd: ACTOR DUPLICATE
[2018.08.23-04.15.22:097][434]Cmd: DUPLICATE
[2018.08.23-04.15.22:097][434]Cmd: ACTOR DUPLICATE
[2018.08.23-04.15.45:440][216]LogSlate: FSceneViewport::OnFocusLost() reason 2
[2018.08.23-04.15.48:378][567]MapCheck: New page: Map Check
[2018.08.23-04.15.48:385][567]LogSlate: FSceneViewport::OnFocusLost() reason 2
[2018.08.23-04.15.48:389][567]LightingResults: New page: Lighting Build - Aug 22, 2018, 4:15:48 PM
[2018.08.23-04.15.48:419][567]LogSwarmInterface: [OpenConnection] Registering TCP channel ...
[2018.08.23-04.15.48:469][567]LogSwarmInterface: [OpenConnection] Connecting to agent ...
[2018.08.23-04.15.48:478][567]LogSwarmInterface: [TryOpenConnection] Testing the Agent
[2018.08.23-04.15.48:987][567]LogSwarmInterface: [TryOpenConnection] Opening Connection to Agent
[2018.08.23-04.15.48:987][567]LogSwarmInterface: [TryOpenConnection] Local Process ID is 6588
[2018.08.23-04.15.58:405][567]LogStaticLightingSystem: Warning: No importance volume found, so the scene bounding box was used.  You can optimize your scene's quality and lighting build times by adding importance volumes.
[2018.08.23-04.15.58:405][567]LogStaticLightingSystem: Running Lightmass w/ ImmediateImport mode ENABLED
[2018.08.23-04.15.58:405][567]LogStaticLightingSystem: Running Lightmass w/ ImmediateProcess mode ENABLED
[2018.08.23-04.15.58:405][567]LogStaticLightingSystem: Running Lightmass w/ Sorting mode ENABLED
[2018.08.23-04.15.58:405][567]LogStaticLightingSystem: Running Lightmass w/ Mapping paddings ENABLED
[2018.08.23-04.15.58:405][567]LogStaticLightingSystem: Running Lightmass w/ Mapping debug paddings DISABLED
[2018.08.23-04.15.58:537][567]LogEditorBuildUtils: Build time 0:10
[2018.08.23-04.15.59:932][572]Job is a success!
[2018.08.23-04.16.00:621][574]LogVolumetricLightmapImport: Imported Volumetric Lightmap in 0.013s
[2018.08.23-04.16.00:621][574]LogVolumetricLightmapImport:      Indirection Texture 16x16x16 = 0.0Mb
[2018.08.23-04.16.00:621][574]LogVolumetricLightmapImport:      BrickData 45x5x5 = 0.0Mb
[2018.08.23-04.16.00:621][574]LogVolumetricLightmapImport:      Bricks at Level
[2018.08.23-04.16.00:621][574]LogVolumetricLightmapImport:          0: 11.1% covering 100.0% of volume
[2018.08.23-04.16.00:621][574]LogVolumetricLightmapImport:          1: 11.1% covering 1.6% of volume
[2018.08.23-04.16.00:621][574]LogVolumetricLightmapImport:          2: 77.8% covering 0.2% of volume
[2018.08.23-04.16.00:666][574]LogTexture: Display: Building textures: HQ_Lightmap0_1 (AutoDXT, 256X256)
[2018.08.23-04.16.00:666][574]LogTexture: Display: Building textures: LQ_Lightmap_0_1 (DXT1, 256X256)
[2018.08.23-04.16.00:666][574]LogTexture: Display: Building textures: HQ_Lightmap0_2 (AutoDXT, 64X64)
[2018.08.23-04.16.00:666][574]LogTexture: Display: Building textures: LQ_Lightmap_0_2 (DXT1, 64X64)
[2018.08.23-04.16.00:666][574]LogTexture: Display: Building textures: ShadowMapTexture2D_1 (G8, 32X32)
[2018.08.23-04.16.00:666][574]LogTexture: Display: Building textures: ShadowMapTexture2D_0 (G8, 256X128)
[2018.08.23-04.16.00:690][574]Lightmass on DESKTOP-2B: 1.30 sec total, 82 ms importing, 8 ms setup, 237 ms photons, 954 ms processing, 0 ms extra exporting [7/7 mappings]. Threads: 4.70 sec total, 249 ms processing.
[2018.08.23-04.16.00:718][574]LogStaticLightingSystem: Illumination: 11.9 sec (25 ms encoding lightmaps, 5 ms encoding shadowmaps)
[2018.08.23-04.16.00:718][574]LogStaticLightingSystem: Lightmap texture memory:  0.1 MB (0.1 MB streaming, 0.0 MB non-streaming), 4 textures
[2018.08.23-04.16.00:718][574]LogStaticLightingSystem: Shadowmap texture memory: 0.0 MB (0.0 MB streaming, 0.0 MB non-streaming), 2 textures
[2018.08.23-04.16.01:409][574]DumpUnbuiltLightIteractions
[2018.08.23-04.16.01:409][574]Lights with unbuilt interactions: 0
[2018.08.23-04.16.01:409][574]
[2018.08.23-04.16.01:409][574]Primitives with unbuilt interactions: 0
[2018.08.23-04.16.01:446][575]Cmd: MAP CHECK NOTIFYRESULTS
[2018.08.23-04.16.01:446][575]MapCheck: New page: Untitled_1 - Aug 22, 2018, 4:16:01 PM
[2018.08.23-04.16.01:519][575]MapCheck: Map check complete: 0 Error(s), 0 Warning(s), took 72.871ms to complete.
[2018.08.23-04.17.03:820][707]LogSlate: Window 'Save Level As' being destroyed
[2018.08.23-04.17.03:932][707]LogSavePackage: Moving '../../../../../../Users/Richard/Documents/Unreal Projects/EAE3010_001/Saved/EAE3010_001_Assignment1_Richard_3E47FD8A43256934D3A4E5BDC9290726.tmp' to '../../../../../../Users/Richard/Documents/Unreal Projects/EAE3010_001/Content/EAE3010_001_Assignment1_Richard_Tendean.umap'
[2018.08.23-04.17.03:943][707]LogFileHelpers: Saving map 'EAE3010_001_Assignment1_Richard_Tendean' took 0.119
[2018.08.23-04.17.03:957][707]LogSavePackage: Moving '../../../../../../Users/Richard/Documents/Unreal Projects/EAE3010_001/Saved/EAE3010_001_Assignment1_Richard_E55C526E476744218BDE818491209367.tmp' to '../../../../../../Users/Richard/Documents/Unreal Projects/EAE3010_001/Content/EAE3010_001_Assignment1_Richard_Tendean_BuiltData.uasset'
[2018.08.23-04.17.04:056][718]LogSlate: Took 0.000171 seconds to synchronously load lazily loaded font '../../../Engine/Content/Slate/Fonts/Roboto-Light.ttf' (167K)
